Сборка начата 22.05.2024 18:22:29.
Уровень детализации журнала: Normal.     1>Проект "D:\d\уник\2 сем\оаип\9\9\Project1\Project1.vcxproj" в узле 2 (целевые объекты Build).
     1>InitializeBuildStatus:
         Обращение к "x64\Debug\Project1.tlog\unsuccessfulbuild".
       ClCompile:
         C:\Program Files\Microsoft Visual Studio\2022\Community\VC\Tools\MSVC\14.37.32822\bin\HostX64\x64\CL.exe /c /ZI /JMC /nologo /W3 /WX- /diagnostics:column /sdl /Od /D _DEBUG /D _CONSOLE /D _UNICODE /D UNICODE /Gm- /EHsc /RTC1 /MDd /GS /fp:precise /Zc:wchar_t /Zc:forScope /Zc:inline /permissive- /Fo"x64\Debug\\" /Fd"x64\Debug\vc143.pdb" /external:W3 /Gd /TP /FC /errorReport:prompt list.cpp main.cpp
         list.cpp
         main.cpp
         Создание кода...
       Link:
         C:\Program Files\Microsoft Visual Studio\2022\Community\VC\Tools\MSVC\14.37.32822\bin\HostX64\x64\link.exe /ERRORREPORT:PROMPT /OUT:"D:\d\уник\2 сем\оаип\9\9\x64\Debug\Project1.exe" /INCREMENTAL /ILK:"x64\Debug\Project1.ilk" /NOLOGO kernel32.lib user32.lib gdi32.lib winspool.lib comdlg32.lib advapi32.lib shell32.lib ole32.lib oleaut32.lib uuid.lib odbc32.lib odbccp32.lib /MANIFEST /MANIFESTUAC:"level='asInvoker' uiAccess='false'" /manifest:embed /DEBUG /PDB:"D:\d\уник\2 сем\оаип\9\9\x64\Debug\Project1.pdb" /SUBSYSTEM:CONSOLE /TLBID:1 /DYNAMICBASE /NXCOMPAT /IMPLIB:"D:\d\уник\2 сем\оаип\9\9\x64\Debug\Project1.lib" /MACHINE:X64 x64\Debug\main.obj
         x64\Debug\list.obj
         Project1.vcxproj -> D:\d\уник\2 сем\оаип\9\9\x64\Debug\Project1.exe
       FinalizeBuildStatus:
         Файл "x64\Debug\Project1.tlog\unsuccessfulbuild" удаляется.
         Обращение к "x64\Debug\Project1.tlog\Project1.lastbuildstate".
     1>Сборка проекта "D:\d\уник\2 сем\оаип\9\9\Project1\Project1.vcxproj" завершена (целевые объекты Build).

Сборка успешно завершена.
    Предупреждений: 0
    Ошибок: 0

Прошло времени 00:00:02.24
