Сборка начата 20.05.2024 21:32:54.
Уровень детализации журнала: Normal.     1>Проект "D:\d\уник\2 сем\оаип\12\12\12.vcxproj" в узле 2 (целевые объекты Build).
     1>PrepareForBuild:
         Создание каталога "x64\Debug\12.tlog\".
       InitializeBuildStatus:
         Создание "x64\Debug\12.tlog\unsuccessfulbuild", так как было задано "AlwaysCreate".
         Обращение к "x64\Debug\12.tlog\unsuccessfulbuild".
       ClCompile:
         C:\Program Files\Microsoft Visual Studio\2022\Community\VC\Tools\MSVC\14.37.32822\bin\HostX64\x64\CL.exe /c /ZI /JMC /nologo /W3 /WX- /diagnostics:column /sdl /Od /D _DEBUG /D _CONSOLE /D _UNICODE /D UNICODE /Gm- /EHsc /RTC1 /MDd /GS /fp:precise /Zc:wchar_t /Zc:forScope /Zc:inline /permissive- /Fo"x64\Debug\\" /Fd"x64\Debug\vc143.pdb" /external:W3 /Gd /TP /FC /errorReport:prompt heap.cpp main.cpp
         heap.cpp
     1>D:\d\уник\2 сем\оаип\12\12\heap.cpp(91,1): warning C4005: A1: изменение макроопределения
       D:\d\уник\2 сем\оаип\12\12\heap.cpp(80,1): message : см. предыдущее определение "A1"
     1>D:\d\уник\2 сем\оаип\12\12\heap.cpp(176,13): warning C4244: +=: преобразование "double" в "int", возможна потеря данных
     1>D:\d\уник\2 сем\оаип\12\12\heap.cpp(184,1): warning C4005: A1: изменение макроопределения
       D:\d\уник\2 сем\оаип\12\12\heap.cpp(91,1): message : см. предыдущее определение "A1"
         main.cpp
         Создание кода...
       Link:
         C:\Program Files\Microsoft Visual Studio\2022\Community\VC\Tools\MSVC\14.37.32822\bin\HostX64\x64\link.exe /ERRORREPORT:PROMPT /OUT:"D:\d\уник\2 сем\оаип\12\12\x64\Debug\12.exe" /INCREMENTAL /ILK:"x64\Debug\12.ilk" /NOLOGO kernel32.lib user32.lib gdi32.lib winspool.lib comdlg32.lib advapi32.lib shell32.lib ole32.lib oleaut32.lib uuid.lib odbc32.lib odbccp32.lib /MANIFEST /MANIFESTUAC:"level='asInvoker' uiAccess='false'" /manifest:embed /DEBUG /PDB:"D:\d\уник\2 сем\оаип\12\12\x64\Debug\12.pdb" /SUBSYSTEM:CONSOLE /TLBID:1 /DYNAMICBASE /NXCOMPAT /IMPLIB:"D:\d\уник\2 сем\оаип\12\12\x64\Debug\12.lib" /MACHINE:X64 x64\Debug\heap.obj
         x64\Debug\main.obj
         12.vcxproj -> D:\d\уник\2 сем\оаип\12\12\x64\Debug\12.exe
       FinalizeBuildStatus:
         Файл "x64\Debug\12.tlog\unsuccessfulbuild" удаляется.
         Обращение к "x64\Debug\12.tlog\12.lastbuildstate".
     1>Сборка проекта "D:\d\уник\2 сем\оаип\12\12\12.vcxproj" завершена (целевые объекты Build).

Сборка успешно завершена.

       "D:\d\уник\2 сем\оаип\12\12\12.vcxproj" (целевой объект Build ) (1) ->
       (Целевой объект ClCompile) -> 
         D:\d\уник\2 сем\оаип\12\12\heap.cpp(91,1): warning C4005: A1: изменение макроопределения
         D:\d\уник\2 сем\оаип\12\12\heap.cpp(176,13): warning C4244: +=: преобразование "double" в "int", возможна потеря данных
         D:\d\уник\2 сем\оаип\12\12\heap.cpp(184,1): warning C4005: A1: изменение макроопределения

    Предупреждений: 3
    Ошибок: 0

Прошло времени 00:00:04.44
